[debug] [2025-07-22T16:45:15.032Z] ----------------------------------------------------------------------
[debug] [2025-07-22T16:45:15.035Z] Command:       /nix/store/ws50yvm6vzlzf7jzz6n7xh4szddrack1-nodejs-20.19.1/bin/node /nix/store/gv0i9ndcpzjpfi2yr06402kzy90q51ki-firebase-tools-14.10.1/lib/node_modules/firebase-tools/lib/bin/firebase.js deploy --only functions
[debug] [2025-07-22T16:45:15.036Z] CLI Version:   14.10.1
[debug] [2025-07-22T16:45:15.036Z] Platform:      linux
[debug] [2025-07-22T16:45:15.036Z] Node Version:  v20.19.1
[debug] [2025-07-22T16:45:15.036Z] Time:          Tue Jul 22 2025 16:45:15 GMT+0000 (Coordinated Universal Time)
[debug] [2025-07-22T16:45:15.037Z] ----------------------------------------------------------------------
[debug] 
[debug] [2025-07-22T16:45:15.510Z] > command requires scopes: ["email","openid","https://www.googleapis.com/auth/cloudplatformprojects.readonly","https://www.googleapis.com/auth/firebase","https://www.googleapis.com/auth/cloud-platform"]
[debug] [2025-07-22T16:45:15.511Z] > authorizing via signed-in user (eduardo@melicinternationalbusiness.com)
[debug] [2025-07-22T16:45:15.511Z] [iam] checking project journeest-project-unique-id for permissions ["cloudfunctions.functions.create","cloudfunctions.functions.delete","cloudfunctions.functions.get","cloudfunctions.functions.list","cloudfunctions.functions.update","cloudfunctions.operations.get","firebase.projects.get"]
[debug] [2025-07-22T16:45:15.513Z] Checked if tokens are valid: true, expires at: 1753206306633
[debug] [2025-07-22T16:45:15.513Z] Checked if tokens are valid: true, expires at: 1753206306633
[debug] [2025-07-22T16:45:15.514Z] >>> [apiv2][query] POST https://cloudresourcemanager.googleapis.com/v1/projects/journeest-project-unique-id:testIamPermissions [none]
[debug] [2025-07-22T16:45:15.514Z] >>> [apiv2][(partial)header] POST https://cloudresourcemanager.googleapis.com/v1/projects/journeest-project-unique-id:testIamPermissions x-goog-quota-user=projects/journeest-project-unique-id
[debug] [2025-07-22T16:45:15.515Z] >>> [apiv2][body] POST https://cloudresourcemanager.googleapis.com/v1/projects/journeest-project-unique-id:testIamPermissions {"permissions":["cloudfunctions.functions.create","cloudfunctions.functions.delete","cloudfunctions.functions.get","cloudfunctions.functions.list","cloudfunctions.functions.update","cloudfunctions.operations.get","firebase.projects.get"]}
[debug] [2025-07-22T16:45:16.511Z] <<< [apiv2][status] POST https://cloudresourcemanager.googleapis.com/v1/projects/journeest-project-unique-id:testIamPermissions 200
[debug] [2025-07-22T16:45:16.511Z] <<< [apiv2][body] POST https://cloudresourcemanager.googleapis.com/v1/projects/journeest-project-unique-id:testIamPermissions {}
[debug] [2025-07-22T16:45:16.512Z] [iam] error while checking permissions, command may fail: Authorization failed. This account is missing the following required permissions on project journeest-project-unique-id:

  cloudfunctions.functions.create
  cloudfunctions.functions.delete
  cloudfunctions.functions.get
  cloudfunctions.functions.list
  cloudfunctions.functions.update
  cloudfunctions.operations.get
  firebase.projects.get
[debug] [2025-07-22T16:45:16.513Z] Checked if tokens are valid: true, expires at: 1753206306633
[debug] [2025-07-22T16:45:16.513Z] Checked if tokens are valid: true, expires at: 1753206306633
[debug] [2025-07-22T16:45:16.513Z] >>> [apiv2][query] POST https://iam.googleapis.com/v1/projects/journeest-project-unique-id/serviceAccounts/journeest-project-unique-id@appspot.gserviceaccount.com:testIamPermissions [none]
[debug] [2025-07-22T16:45:16.513Z] >>> [apiv2][body] POST https://iam.googleapis.com/v1/projects/journeest-project-unique-id/serviceAccounts/journeest-project-unique-id@appspot.gserviceaccount.com:testIamPermissions {"permissions":["iam.serviceAccounts.actAs"]}
[debug] [2025-07-22T16:45:17.233Z] <<< [apiv2][status] POST https://iam.googleapis.com/v1/projects/journeest-project-unique-id/serviceAccounts/journeest-project-unique-id@appspot.gserviceaccount.com:testIamPermissions 404
[debug] [2025-07-22T16:45:17.233Z] <<< [apiv2][body] POST https://iam.googleapis.com/v1/projects/journeest-project-unique-id/serviceAccounts/journeest-project-unique-id@appspot.gserviceaccount.com:testIamPermissions {"error":{"code":404,"message":"Unknown service account","status":"NOT_FOUND"}}
[debug] [2025-07-22T16:45:17.234Z] [functions] service account IAM check errored, deploy may fail:Request to https://iam.googleapis.com/v1/projects/journeest-project-unique-id/serviceAccounts/journeest-project-unique-id@appspot.gserviceaccount.com:testIamPermissions had HTTP Error: 404, Unknown service account {"name":"FirebaseError","children":[],"context":{"body":{"error":{"code":404,"message":"Unknown service account","status":"NOT_FOUND"}},"response":{"statusCode":404}},"exit":1,"message":"Request to https://iam.googleapis.com/v1/projects/journeest-project-unique-id/serviceAccounts/journeest-project-unique-id@appspot.gserviceaccount.com:testIamPermissions had HTTP Error: 404, Unknown service account","status":404}
[info] 
[info] === Deploying to 'journeest-project-unique-id'...
[info] 
[info] i  deploying functions 
[info] Running command: npm --prefix $RESOURCE_DIR run build
